[master (root-commit) aaf5a83] Commit Shell
 8 files changed, 697 insertions(+)
 create mode 100755 cat_grep.cc
 create mode 100755 command.cc
 create mode 100755 command.h
 create mode 100755 ctrl-c.cc
 create mode 100755 regular.cc
 create mode 100755 shell.l
 create mode 100755 shell.y
 create mode 100644 y.tab.h
[master a8b229c] Commit Shell
 1 file changed, 29 insertions(+), 10 deletions(-)
[master 2959cff] Commit Shell
 1 file changed, 5 insertions(+), 1 deletion(-)
[master 32202c9] Commit Shell
 1 file changed, 5 insertions(+), 5 deletions(-)
[master c0e0ce3] Commit Shell
 1 file changed, 13 insertions(+), 7 deletions(-)
[master (root-commit) a5bff4a] Commit Shell
 7 files changed, 629 insertions(+)
 create mode 100755 cat_grep.cc
 create mode 100755 command.cc
 create mode 100755 command.h
 create mode 100755 ctrl-c.cc
 create mode 100755 regular.cc
 create mode 100755 shell.l
 create mode 100755 shell.y
[master 5c5e678] Commit Shell
 1 file changed, 96 insertions(+)
 create mode 100644 y.tab.h
On branch master
Untracked files:
	.hello
	.local.git.out
	Makefile
	cat_grep
	command.o
	ctrl-c
	lex.yy.c
	lex.yy.o
	regular
	shell
	test-shell/
	y.tab.c
	y.tab.o

nothing added to commit but untracked files present
On branch master
Untracked files:
	.hello
	.local.git.out
	Makefile
	cat_grep
	command.o
	ctrl-c
	lex.yy.c
	lex.yy.o
	regular
	shell
	test-shell/
	y.tab.c
	y.tab.o

nothing added to commit but untracked files present
On branch master
Untracked files:
	.hello
	.local.git.out
	Makefile
	cat_grep
	command.o
	ctrl-c
	lex.yy.c
	lex.yy.o
	regular
	shell
	test-shell/
	y.tab.c
	y.tab.o

nothing added to commit but untracked files present
On branch master
Untracked files:
	.hello
	.local.git.out
	Makefile
	cat_grep
	command.o
	ctrl-c
	lex.yy.c
	lex.yy.o
	regular
	shell
	test-shell/
	y.tab.c
	y.tab.o

nothing added to commit but untracked files present
On branch master
Untracked files:
	.hello
	.local.git.out
	Makefile
	cat_grep
	command.o
	ctrl-c
	lex.yy.c
	lex.yy.o
	regular
	shell
	test-shell/
	y.tab.c
	y.tab.o

nothing added to commit but untracked files present
[master e587324] Commit Shell
 1 file changed, 96 deletions(-)
 delete mode 100644 y.tab.h
On branch master
Untracked files:
	.hello
	.local.git.out
	Makefile
	test-shell/

nothing added to commit but untracked files present
[master bb9445c] Commit Shell
 1 file changed, 96 insertions(+)
 create mode 100644 y.tab.h
On branch master
Untracked files:
	.hello
	.local.git.out
	Makefile
	cat_grep
	command.o
	ctrl-c
	lex.yy.c
	lex.yy.o
	regular
	shell
	test-shell/
	y.tab.c
	y.tab.o

nothing added to commit but untracked files present
[master (root-commit) 002830c] Commit Shell
 6 files changed, 590 insertions(+)
 create mode 100755 cat_grep.cc
 create mode 100755 command.cc
 create mode 100755 ctrl-c.cc
 create mode 100755 regular.cc
 create mode 100755 shell.l
 create mode 100755 shell.y
On branch master
Untracked files:
	.hello
	.local.git.out
	Makefile
	cat_grep
	command.h
	command.o
	ctrl-c
	lex.yy.c
	lex.yy.o
	regular
	shell
	test-shell/
	y.tab.c
	y.tab.h
	y.tab.o

nothing added to commit but untracked files present
On branch master
Untracked files:
	.hello
	.local.git.out
	Makefile
	cat_grep
	command.h
	command.o
	ctrl-c
	lex.yy.c
	lex.yy.o
	regular
	shell
	test-shell/
	y.tab.c
	y.tab.h
	y.tab.o

nothing added to commit but untracked files present
[master b83233a] Commit Shell
 1 file changed, 42 insertions(+)
 create mode 100755 Makefile
On branch master
Untracked files:
	.hello
	.local.git.out
	cat_grep
	command.h
	command.o
	ctrl-c
	lex.yy.c
	lex.yy.o
	regular
	shell
	test-shell/
	y.tab.c
	y.tab.h
	y.tab.o

nothing added to commit but untracked files present
[master 3e51aae] Commit Shell
 1 file changed, 1 insertion(+), 1 deletion(-)
On branch master
Untracked files:
	.hello
	.local.git.out
	cat_grep
	command.h
	command.o
	ctrl-c
	lex.yy.c
	lex.yy.o
	regular
	shell
	test-shell/
	y.tab.c
	y.tab.h
	y.tab.o

nothing added to commit but untracked files present
On branch master
Untracked files:
	.Makefile.swp
	.hello
	.local.git.out
	command.h
	test-shell/

nothing added to commit but untracked files present
[master bea55b8] ""
 1 file changed, 1 insertion(+), 1 deletion(-)
[master 3cb9c7d] ""
 1 file changed, 1 insertion(+), 1 deletion(-)
[master 0bd3766] Total:                   3   of 100
 1 file changed, 1 insertion(+), 1 deletion(-)
[master (root-commit) 4eddc26] Total:                   3   of 100
 7 files changed, 632 insertions(+)
 create mode 100755 Makefile
 create mode 100755 cat_grep.cc
 create mode 100755 command.cc
 create mode 100755 ctrl-c.cc
 create mode 100755 regular.cc
 create mode 100755 shell.l
 create mode 100755 shell.y
