CS252: lab1. cs252 Mon Aug 24 12:16:41 EDT 2015  Total:  5 of 90

CS252: lab1. cs252 Mon Aug 24 12:17:26 EDT 2015  Total:  5 of 90

CS252: lab1. cs252 Mon Aug 24 12:26:30 EDT 2015  Total:  5 of 90

CS252: lab1. cs252 Mon Aug 24 12:27:19 EDT 2015  Total:  5 of 90

CS252: lab1. cs252 Mon Aug 24 12:27:46 EDT 2015  Total:  5 of 90

CS252: lab1. cs252 Mon Aug 24 12:32:46 EDT 2015  Total:  5 of 90

CS252: lab1. cs252 Mon Aug 24 12:35:45 EDT 2015  Total:  5 of 100

CS252: lab1. cs252 Mon Aug 24 12:36:03 EDT 2015  Total:  5 of 100

CS252: lab1. cs252 Mon Jan 11 13:51:27 EST 2016  Total:  5 of 100

CS252: lab1. cs252 Mon Jan 11 14:05:34 EST 2016  Total:  0 of 100

CS252: lab1. cs252 Mon Jan 11 14:06:30 EST 2016  Total:  0 of 100

CS252: lab1. cs252 Mon Jan 11 14:06:46 EST 2016  Total:  0 of 100

CS252: lab1. zhan1997 Sun Jan 17 03:05:41 EST 2016  Total:  30 of 100

CS252: lab1. zhan1997 Sun Jan 17 03:06:01 EST 2016  Total:  30 of 100

CS252: lab1. zhan1997 Sun Jan 17 11:46:38 EST 2016  Total:  30 of 100

CS252: lab1. zhan1997 Sun Jan 17 11:48:39 EST 2016  Total:  30 of 100

CS252: lab1. zhan1997 Sun Jan 17 11:49:09 EST 2016  Total:  30 of 100

CS252: lab1. zhan1997 Sun Jan 17 11:50:40 EST 2016  Total:  30 of 100

CS252: lab1. zhan1997 Sun Jan 17 16:13:25 EST 2016  Total:  30 of 100

CS252: lab1. zhan1997 Sun Jan 17 16:33:05 EST 2016  Total:  30 of 100

CS252: lab1. zhan1997 Sun Jan 17 16:33:17 EST 2016  Total:  30 of 100

CS252: lab1. zhan1997 Sun Jan 17 16:37:18 EST 2016  Total:  30 of 100

CS252: lab1. zhan1997 Sun Jan 17 17:36:18 EST 2016  Total:  30 of 100

CS252: lab1. zhan1997 Mon Jan 18 20:10:50 EST 2016  Total:  40 of 100

CS252: lab1. zhan1997 Mon Jan 18 20:22:19 EST 2016  Total:  40 of 100

CS252: lab1. zhan1997 Mon Jan 18 20:23:29 EST 2016  Total:  40 of 100

CS252: lab1. zhan1997 Mon Jan 18 20:53:45 EST 2016  Total:  40 of 100

CS252: lab1. zhan1997 Mon Jan 18 21:56:14 EST 2016  Total:  80 of 100

CS252: lab1. zhan1997 Mon Jan 18 21:57:16 EST 2016  Total:  80 of 100

CS252: lab1. zhan1997 Mon Jan 18 22:06:05 EST 2016  Total:  80 of 100

CS252: lab1. zhan1997 Mon Jan 18 22:27:11 EST 2016  Total:  70 of 100

CS252: lab1. zhan1997 Mon Jan 18 22:28:56 EST 2016  Total:  70 of 100

CS252: lab1. zhan1997 Mon Jan 18 22:29:43 EST 2016  Total:  80 of 100

CS252: lab1. zhan1997 Mon Jan 18 22:32:12 EST 2016  Total:  70 of 100

CS252: lab1. zhan1997 Mon Jan 18 22:47:58 EST 2016  Total:  80 of 100

CS252: lab1. zhan1997 Mon Jan 18 22:57:41 EST 2016  Total:  80 of 100

CS252: lab1. zhan1997 Mon Jan 18 22:59:20 EST 2016  Total:  90 of 100

CS252: lab1. zhan1997 Mon Jan 18 23:00:18 EST 2016  Total:  90 of 100

CS252: lab1. zhan1997 Mon Jan 18 23:04:46 EST 2016  Total:  90 of 100

CS252: lab1. zhan1997 Mon Jan 18 23:12:53 EST 2016  Total:  100 of 100

CS252: lab1. zhan1997 Mon Jan 18 23:16:49 EST 2016  Total:  100 of 100

CS252: lab1. zhan1997 Mon Jan 18 23:17:21 EST 2016  Total:  100 of 100

CS252: lab1. zhan1997 Mon Jan 18 23:18:45 EST 2016  Total:  100 of 100

CS252: lab1. zhan1997 Mon Jan 18 23:19:24 EST 2016  Total:  100 of 100

CS252: lab1. zhan1997 Tue Jan 19 02:36:56 EST 2016  Total:  100 of 100

CS252: lab1. zhan1997 Tue Jan 19 02:37:07 EST 2016  Total:  100 of 100

CS252: lab1. zhan1997 Thu Jan 21 20:55:41 EST 2016  Total:  100 of 100

CS252: lab1. zhan1997 Thu Jan 21 21:15:12 EST 2016  Total:  100 of 100

CS252: lab1. zhan1997 Thu Jan 21 21:23:53 EST 2016  Total:  100 of 100

CS252: lab1. zhan1997 Thu Jan 21 21:26:14 EST 2016  Total:  100 of 100

CS252: lab1. zhan1997 Thu Jan 21 21:28:11 EST 2016  Total:  100 of 100

CS252: lab1. zhan1997 Thu Jan 21 21:30:39 EST 2016  Total:  100 of 100

CS252: lab1. zhan1997 Thu Jan 21 21:30:45 EST 2016  Total:  100 of 100

CS252: lab1. zhan1997 Fri Jan 22 13:02:51 EST 2016  Total:  100 of 100

CS252: lab1. zhan1997 Fri Jan 22 13:04:07 EST 2016  Total:  100 of 100

CS252: lab1. zhan1997 Fri Jan 22 15:31:01 EST 2016  Total:  100 of 100

CS252: lab1. zhan1997 Fri Jan 22 15:57:01 EST 2016  Total:  100 of 100

CS252: lab1. zhan1997 Fri Jan 29 15:20:23 EST 2016  Total:  100 of 100

